<?xml version="1.0" encoding="UTF-8"?>
<!-- Generated by org.testng.reporters.JUnitReportReporter -->
<testsuite hostname="ManiMaran-PC" name="com.vmetry.ntltaxi.testcase.HomePageTest" tests="4" failures="0" timestamp="4 Dec 2016 11:04:06 GMT" time="18.610" errors="0">
  <testcase name="testHomePage" time="6.939" classname="com.vmetry.ntltaxi.testcase.HomePageTest"/>
  <testcase name="testHomePage" time="3.060" classname="com.vmetry.ntltaxi.testcase.HomePageTest"/>
  <testcase name="testHomePage" time="4.540" classname="com.vmetry.ntltaxi.testcase.HomePageTest"/>
  <testcase name="testHomePage" time="4.071" classname="com.vmetry.ntltaxi.testcase.HomePageTest"/>
</testsuite> <!-- com.vmetry.ntltaxi.testcase.HomePageTest -->
