<?xml version="1.0" encoding="UTF-8"?>
<!-- Generated by org.testng.reporters.JUnitReportReporter -->
<testsuite hostname="ManiMaran-PC" name="temp.reporttest" tests="3" failures="0" timestamp="3 Dec 2016 11:37:57 GMT" time="33.745" errors="0">
  <testcase name="yahootest" time="10.401" classname="temp.reporttest"/>
  <testcase name="gmailtest" time="5.766" classname="temp.reporttest"/>
  <testcase name="googletest" time="17.578" classname="temp.reporttest"/>
</testsuite> <!-- temp.reporttest -->
