<?xml version="1.0" encoding="UTF-8"?>
<!-- Generated by org.testng.reporters.JUnitReportReporter -->
<testsuite hostname="ManiMaran-PC" name="com.vmetry.ntltaxi.utils.reportgenerator" tests="1" failures="0" timestamp="4 Dec 2016 10:49:54 GMT" time="0.060" errors="0">
  <testcase name="archivefile" time="0.060" classname="com.vmetry.ntltaxi.utils.reportgenerator"/>
</testsuite> <!-- com.vmetry.ntltaxi.utils.reportgenerator -->
